<?xml version="1.0" encoding="UTF-8"?>
<!-- Generated by org.testng.reporters.JUnitXMLReporter -->
<testsuite ignored="0" hostname="AryaPeng" failures="0" tests="3" name="Default test" time="5.659" errors="0" timestamp="31 May 2023 19:11:02 GMT">
  <testcase classname="tekarch.tests.LoginTest" name="TC01_loginReq" time="5.137"/>
  <testcase classname="tekarch.tests.LoginTest" name="TC03_addData" time="0.305"/>
  <testcase classname="tekarch.tests.LoginTest" name="TC2_GetData" time="0.194"/>
</testsuite> <!-- Default test -->
