<?xml version="1.0" encoding="UTF-8"?>
<testng-results ignored="0" total="3" passed="3" failed="0" skipped="0">
  <reporter-output>
  </reporter-output>
  <suite started-at="2023-06-01T19:15:40Z" name="Default suite" finished-at="2023-06-01T19:15:44Z" duration-ms="3876">
    <groups>
    </groups>
    <test started-at="2023-06-01T19:15:40Z" name="Default test" finished-at="2023-06-01T19:15:44Z" duration-ms="3876">
      <class name="tests.LoginTest">
        <test-method is-config="true" signature="initializeReport()[pri:0, instance:tests.LoginTest@255990cc]" started-at="2023-06-01T12:15:40Z" name="initializeReport" finished-at="2023-06-01T12:15:40Z" duration-ms="59" status="PASS">
          <reporter-output>
          </reporter-output>
        </test-method> <!-- initializeReport -->
        <test-method is-config="true" signature="SetUp()[pri:0, instance:tests.LoginTest@255990cc]" started-at="2023-06-01T12:15:40Z" name="SetUp" finished-at="2023-06-01T12:15:40Z" duration-ms="1" status="PASS">
          <reporter-output>
          </reporter-output>
        </test-method> <!-- SetUp -->
        <test-method signature="TC01_loginReq()[pri:1, instance:tests.LoginTest@255990cc]" started-at="2023-06-01T12:15:40Z" name="TC01_loginReq" finished-at="2023-06-01T12:15:44Z" duration-ms="3308" status="PASS">
          <reporter-output>
          </reporter-output>
        </test-method> <!-- TC01_loginReq -->
        <test-method signature="TC03_addData()[pri:0, instance:tests.LoginTest@255990cc]" started-at="2023-06-01T12:15:44Z" name="TC03_addData" finished-at="2023-06-01T12:15:44Z" depends-on-methods="tests.LoginTest.TC01_loginReq" duration-ms="363" status="PASS">
          <reporter-output>
          </reporter-output>
        </test-method> <!-- TC03_addData -->
        <test-method signature="TC2_GetData()[pri:0, instance:tests.LoginTest@255990cc]" started-at="2023-06-01T12:15:44Z" name="TC2_GetData" finished-at="2023-06-01T12:15:44Z" depends-on-methods="tests.LoginTest.TC01_loginReq" duration-ms="192" status="PASS">
          <reporter-output>
          </reporter-output>
        </test-method> <!-- TC2_GetData -->
        <test-method is-config="true" signature="flushReport()[pri:0, instance:tests.LoginTest@255990cc]" started-at="2023-06-01T12:15:44Z" name="flushReport" finished-at="2023-06-01T12:15:44Z" duration-ms="159" status="PASS">
          <reporter-output>
          </reporter-output>
        </test-method> <!-- flushReport -->
      </class> <!-- tests.LoginTest -->
    </test> <!-- Default test -->
  </suite> <!-- Default suite -->
</testng-results>
